<?xml version="1.0" encoding="UTF-8"?>
<testsuite xmlns:xsi="http://www.w3.org/2001/XMLSchema-instance" xsi:noNamespaceSchemaLocation="https://maven.apache.org/surefire/maven-surefire-plugin/xsd/surefire-test-report-3.0.xsd" version="3.0" name="Teste2" time="1.437" tests="1" errors="0" skipped="0" failures="0">
  <properties>
[...]
</properties>
  <testcase name="testePersistencia" classname="Teste2" time="0.041">
    <system-out><![CDATA[Hibernate: alter table tb_defensivoAgricola drop constraint FK7hy159c8ntqt5yvofd56bod1n
Hibernate: alter table tb_fertilizante drop constraint FK6h987kwgbcmamv3rbedgbv5d4
Hibernate: alter table tb_insumo drop constraint FKq64n5x15n10wet5ph93duyfxe
Hibernate: alter table tb_parcela drop constraint FKcq87r1u014yy1w8c7hoiqpp3u
Hibernate: drop table if exists tb_agricultor cascade
Hibernate: drop table if exists tb_defensivoAgricola cascade
Hibernate: drop table if exists tb_fertilizante cascade
Hibernate: drop table if exists tb_insumo cascade
Hibernate: drop table if exists tb_parcela cascade
Hibernate: create table tb_agricultor (id  bigserial not null, contato varchar(100), nome varchar(50), primary key (id))
Hibernate: create table tb_defensivoAgricola (categoria varchar(100), id int8 not null, primary key (id))
Hibernate: create table tb_fertilizante (quantidade float8 not null, id int8 not null, primary key (id))
Hibernate: create table tb_insumo (id  bigserial not null, dataAplicacao timestamp, nome varchar(50), parcela_id int8, primary key (id))
Hibernate: create table tb_parcela (id  bigserial not null, ph float8 not null, tipoSolo varchar(50), umidade float8 not null, agricultor_id int8, primary key (id))
Hibernate: alter table tb_defensivoAgricola add constraint FK7hy159c8ntqt5yvofd56bod1n foreign key (id) references tb_insumo
Hibernate: alter table tb_fertilizante add constraint FK6h987kwgbcmamv3rbedgbv5d4 foreign key (id) references tb_insumo
Hibernate: alter table tb_insumo add constraint FKq64n5x15n10wet5ph93duyfxe foreign key (parcela_id) references tb_parcela
Hibernate: alter table tb_parcela add constraint FKcq87r1u014yy1w8c7hoiqpp3u foreign key (agricultor_id) references tb_agricultor
Hibernate: insert into tb_agricultor (contato, nome) values (?, ?)
Hibernate: insert into tb_parcela (agricultor_id, ph, tipoSolo, umidade) values (?, ?, ?, ?)
Hibernate: insert into tb_insumo (dataAplicacao, nome, parcela_id) values (?, ?, ?)
Hibernate: insert into tb_fertilizante (quantidade, id) values (?, ?)
Hibernate: insert into tb_insumo (dataAplicacao, nome, parcela_id) values (?, ?, ?)
Hibernate: insert into tb_defensivoAgricola (categoria, id) values (?, ?)
]]></system-out>
    <system-err><![CDATA[Nov 05, 2024 9:35:07 AM org.hibernate.ejb.HibernatePersistence logDeprecation
WARN: HHH015016: Encountered a deprecated javax.persistence.spi.PersistenceProvider [org.hibernate.ejb.HibernatePersistence]; use [org.hibernate.jpa.HibernatePersistenceProvider] instead.
Nov 05, 2024 9:35:07 AM org.hibernate.ejb.HibernatePersistence logDeprecation
WARN: HHH015016: Encountered a deprecated javax.persistence.spi.PersistenceProvider [org.hibernate.ejb.HibernatePersistence]; use [org.hibernate.jpa.HibernatePersistenceProvider] instead.
Nov 05, 2024 9:35:07 AM org.hibernate.jpa.internal.util.LogHelper logPersistenceUnitInformation
INFO: HHH000204: Processing PersistenceUnitInfo [
	name: pu_lpoo_analisesolo
	...]
Nov 05, 2024 9:35:07 AM org.hibernate.Version logVersion
INFO: HHH000412: Hibernate Core {5.3.3.Final}
Nov 05, 2024 9:35:07 AM org.hibernate.cfg.Environment <clinit>
INFO: HHH000206: hibernate.properties not found
Nov 05, 2024 9:35:07 AM org.hibernate.annotations.common.reflection.java.JavaReflectionManager <clinit>
INFO: HCANN000001: Hibernate Commons Annotations {5.0.4.Final}
Nov 05, 2024 9:35:07 AM org.hibernate.engine.jdbc.connections.internal.DriverManagerConnectionProviderImpl configure
WARN: HHH10001002: Using Hibernate built-in connection pool (not for production use!)
Nov 05, 2024 9:35:07 AM org.hibernate.engine.jdbc.connections.internal.DriverManagerConnectionProviderImpl buildCreator
INFO: HHH10001005: using driver [org.postgresql.Driver] at URL [jdbc:postgresql://localhost:5432/postgres]
Nov 05, 2024 9:35:07 AM org.hibernate.engine.jdbc.connections.internal.DriverManagerConnectionProviderImpl buildCreator
INFO: HHH10001001: Connection properties: {password=****, user=postgres}
Nov 05, 2024 9:35:07 AM org.hibernate.engine.jdbc.connections.internal.DriverManagerConnectionProviderImpl buildCreator
INFO: HHH10001003: Autocommit mode: false
Nov 05, 2024 9:35:07 AM org.hibernate.engine.jdbc.connections.internal.DriverManagerConnectionProviderImpl$PooledConnections <init>
INFO: HHH000115: Hibernate connection pool size: 20 (min=1)
Nov 05, 2024 9:35:07 AM org.hibernate.dialect.Dialect <init>
INFO: HHH000400: Using dialect: org.hibernate.dialect.PostgreSQLDialect
Nov 05, 2024 9:35:07 AM org.hibernate.engine.jdbc.env.internal.LobCreatorBuilderImpl useContextualLobCreation
INFO: HHH000424: Disabling contextual LOB creation as createClob() method threw error : java.lang.reflect.InvocationTargetException
Nov 05, 2024 9:35:07 AM org.hibernate.type.BasicTypeRegistry register
INFO: HHH000270: Type registration [java.util.UUID] overrides previous : org.hibernate.type.UUIDBinaryType@26f1249d
Nov 05, 2024 9:35:07 AM org.hibernate.tuple.PojoInstantiator <init>
INFO: HHH000182: No default (no-argument) constructor for class: Fertilizante (class must be instantiated by Interceptor)
Nov 05, 2024 9:35:08 AM org.hibernate.tuple.PojoInstantiator <init>
INFO: HHH000182: No default (no-argument) constructor for class: Parcela (class must be instantiated by Interceptor)
Nov 05, 2024 9:35:08 AM org.hibernate.tuple.PojoInstantiator <init>
INFO: HHH000182: No default (no-argument) constructor for class: DefensivoAgricola (class must be instantiated by Interceptor)
Nov 05, 2024 9:35:08 AM org.hibernate.resource.transaction.backend.jdbc.internal.DdlTransactionIsolatorNonJtaImpl getIsolatedConnection
INFO: HHH10001501: Connection obtained from JdbcConnectionAccess [org.hibernate.engine.jdbc.env.internal.JdbcEnvironmentInitiator$ConnectionProviderJdbcConnectionAccess@34c70b5e] for (non-JTA) DDL execution was not in auto-commit mode; the Connection 'local transaction' will be committed and the Connection will be set into auto-commit mode.
Nov 05, 2024 9:35:08 AM org.hibernate.resource.transaction.backend.jdbc.internal.DdlTransactionIsolatorNonJtaImpl getIsolatedConnection
INFO: HHH10001501: Connection obtained from JdbcConnectionAccess [org.hibernate.engine.jdbc.env.internal.JdbcEnvironmentInitiator$ConnectionProviderJdbcConnectionAccess@b46e103] for (non-JTA) DDL execution was not in auto-commit mode; the Connection 'local transaction' will be committed and the Connection will be set into auto-commit mode.
Nov 05, 2024 9:35:08 AM org.hibernate.tool.schema.internal.SchemaCreatorImpl applyImportSources
INFO: HHH000476: Executing import script 'org.hibernate.tool.schema.internal.exec.ScriptSourceInputNonExistentImpl@705a8dbc'
]]></system-err>
  </testcase>
</testsuite>